#
# There is insufficient memory for the Java Runtime Environment to continue.
# Native memory allocation (malloc) failed to allocate 1097616 bytes for Chunk::new
# Possible reasons:
#   The system is out of physical RAM or swap space
#   In 32 bit mode, the process size limit was hit
# Possible solutions:
#   Reduce memory load on the system
#   Increase physical memory or swap space
#   Check if swap backing store is full
#   Use 64 bit Java on a 64 bit OS
#   Decrease Java heap size (-Xmx/-Xms)
#   Decrease number of Java threads
#   Decrease Java thread stack sizes (-Xss)
#   Set larger code cache with -XX:ReservedCodeCacheSize=
# This output file may be truncated or incomplete.
#
#  Out of Memory Error (allocation.cpp:390), pid=16404, tid=0x0000000000014bd8
#
# JRE version: Java(TM) SE Runtime Environment (8.0_92-b14) (build 1.8.0_92-b14)
# Java VM: Java HotSpot(TM) 64-Bit Server VM (25.92-b14 mixed mode windows-amd64 compressed oops)
# Failed to write core dump. Minidumps are not enabled by default on client versions of Windows
#

---------------  T H R E A D  ---------------

Current thread (0x000000001e0ba800):  JavaThread "C2 CompilerThread0" daemon [_thread_in_native, id=84952, stack(0x000000001e740000,0x000000001e840000)]

Stack: [0x000000001e740000,0x000000001e840000]
[error occurred during error reporting (printing stack bounds), id 0xc0000005]

Native frames: (J=compiled Java code, j=interpreted, Vv=VM code, C=native code)


Current CompileTask:
C2:  24552 5770       4       org.apache.maven.model.building.DefaultModelBuilder::build (985 bytes)


---------------  P R O C E S S  ---------------

Java Threads: ( => current thread )
  0x000000001e151800 JavaThread "Service Thread" daemon [_thread_blocked, id=50436, stack(0x000000001ea40000,0x000000001eb40000)]
  0x000000001e0b2800 JavaThread "C1 CompilerThread2" daemon [_thread_blocked, id=16508, stack(0x000000001e940000,0x000000001ea40000)]
  0x000000001e0b0800 JavaThread "C2 CompilerThread1" daemon [_thread_in_native, id=32016, stack(0x000000001e840000,0x000000001e940000)]
=>0x000000001e0ba800 JavaThread "C2 CompilerThread0" daemon [_thread_in_native, id=84952, stack(0x000000001e740000,0x000000001e840000)]
  0x000000001e09c000 JavaThread "Monitor Ctrl-Break" daemon [_thread_in_native, id=52080, stack(0x000000001e640000,0x000000001e740000)]
  0x000000001c641000 JavaThread "Attach Listener" daemon [_thread_blocked, id=45572, stack(0x000000001e540000,0x000000001e640000)]
  0x000000001e08b800 JavaThread "Signal Dispatcher" daemon [_thread_blocked, id=46548, stack(0x000000001e440000,0x000000001e540000)]
  0x0000000002e5c800 JavaThread "Finalizer" daemon [_thread_blocked, id=2072, stack(0x000000001dee0000,0x000000001dfe0000)]
  0x0000000002e55800 JavaThread "Reference Handler" daemon [_thread_blocked, id=87812, stack(0x000000001dde0000,0x000000001dee0000)]
  0x0000000002d62800 JavaThread "main" [_thread_in_native, id=87220, stack(0x0000000002ac0000,0x0000000002bc0000)]

Other Threads:
  0x000000001c5f8800 VMThread [stack: 0x000000001dce0000,0x000000001dde0000] [id=21940]
  0x000000001e188800 WatcherThread [stack: 0x000000001eb40000,0x000000001ec40000] [id=23852]

VM state:not at safepoint (normal execution)

VM Mutex/Monitor currently owned by a thread: None

Heap:
 PSYoungGen      total 530432K, used 176090K [0x000000076b900000, 0x0000000794400000, 0x00000007c0000000)
  eden space 501248K, 33% used [0x000000076b900000,0x0000000775f56b90,0x000000078a280000)
  from space 29184K, 19% used [0x000000078a280000,0x000000078a820000,0x000000078bf00000)
  to   space 28672K, 0% used [0x0000000792800000,0x0000000792800000,0x0000000794400000)
 ParOldGen       total 111616K, used 58155K [0x00000006c2a00000, 0x00000006c9700000, 0x000000076b900000)
  object space 111616K, 52% used [0x00000006c2a00000,0x00000006c62cae00,0x00000006c9700000)
 Metaspace       used 30681K, capacity 31404K, committed 31616K, reserved 1077248K
  class space    used 3653K, capacity 3901K, committed 3968K, reserved 1048576K

Card table byte_map: [0x0000000012220000,0x0000000012a10000] byte_map_base: 0x000000000ec0b000

Marking Bits: (ParMarkBitMap*) 0x00000000644664f0
 Begin Bits: [0x0000000013560000, 0x00000000174b8000)
 End Bits:   [0x00000000174b8000, 0x000000001b410000)

Polling page: 0x00000000026c0000

CodeCache: size=245760Kb used=20270Kb max_used=20763Kb free=225489Kb
 bounds [0x0000000002e60000, 0x00000000042f0000, 0x0000000011e60000]
 total_blobs=5335 nmethods=4893 adapters=354
 compilation: enabled

Compilation events (10 events):
Event: 24.523 Thread 0x000000001e0b2800 5798       3       org.apache.maven.project.MavenProject::getBuildExtensions (25 bytes)
Event: 24.524 Thread 0x000000001e0b2800 nmethod 5798 0x00000000038d38d0 code [0x00000000038d3ae0, 0x00000000038d46b0]
Event: 24.524 Thread 0x000000001e0b2800 5800       3       org.apache.maven.project.MavenProject::setExtensionArtifacts (11 bytes)
Event: 24.524 Thread 0x000000001e0b2800 nmethod 5800 0x00000000034b2d90 code [0x00000000034b2ee0, 0x00000000034b3070]
Event: 24.524 Thread 0x000000001e0b2800 5793       3       org.apache.maven.project.MavenProject::setProjectBuildingRequest (6 bytes)
Event: 24.524 Thread 0x000000001e0b2800 nmethod 5793 0x00000000039f0990 code [0x00000000039f0ae0, 0x00000000039f0c50]
Event: 24.524 Thread 0x000000001e0b2800 5796       3       org.apache.maven.project.MavenProject::getReportPlugins (25 bytes)
Event: 24.524 Thread 0x000000001e0b2800 nmethod 5796 0x00000000037143d0 code [0x0000000003714580, 0x0000000003714b90]
Event: 24.530 Thread 0x000000001e0b2800 5801       3       org.apache.maven.artifact.resolver.WarningResolutionListener::manageArtifact (1 bytes)
Event: 24.530 Thread 0x000000001e0b2800 nmethod 5801 0x0000000002f6e2d0 code [0x0000000002f6e420, 0x0000000002f6e570]

GC Heap History (10 events):
Event: 18.792 GC heap before
{Heap before GC invocations=14 (full 1):
 PSYoungGen      total 292864K, used 273504K [0x000000076b900000, 0x000000077f700000, 0x00000007c0000000)
  eden space 266240K, 100% used [0x000000076b900000,0x000000077bd00000,0x000000077bd00000)
  from space 26624K, 27% used [0x000000077dd00000,0x000000077e418000,0x000000077f700000)
  to   space 29696K, 0% used [0x000000077bd00000,0x000000077bd00000,0x000000077da00000)
 ParOldGen       total 111616K, used 55043K [0x00000006c2a00000, 0x00000006c9700000, 0x000000076b900000)
  object space 111616K, 49% used [0x00000006c2a00000,0x00000006c5fc0df0,0x00000006c9700000)
 Metaspace       used 30363K, capacity 31150K, committed 31360K, reserved 1077248K
  class space    used 3637K, capacity 3864K, committed 3968K, reserved 1048576K
Event: 18.799 GC heap after
Heap after GC invocations=14 (full 1):
 PSYoungGen      total 295936K, used 8224K [0x000000076b900000, 0x0000000786780000, 0x00000007c0000000)
  eden space 266240K, 0% used [0x000000076b900000,0x000000076b900000,0x000000077bd00000)
  from space 29696K, 27% used [0x000000077bd00000,0x000000077c508000,0x000000077da00000)
  to   space 29696K, 0% used [0x0000000784a80000,0x0000000784a80000,0x0000000786780000)
 ParOldGen       total 111616K, used 55211K [0x00000006c2a00000, 0x00000006c9700000, 0x000000076b900000)
  object space 111616K, 49% used [0x00000006c2a00000,0x00000006c5feadf0,0x00000006c9700000)
 Metaspace       used 30363K, capacity 31150K, committed 31360K, reserved 1077248K
  class space    used 3637K, capacity 3864K, committed 3968K, reserved 1048576K
}
Event: 20.069 GC heap before
{Heap before GC invocations=15 (full 1):
 PSYoungGen      total 295936K, used 274464K [0x000000076b900000, 0x0000000786780000, 0x00000007c0000000)
  eden space 266240K, 100% used [0x000000076b900000,0x000000077bd00000,0x000000077bd00000)
  from space 29696K, 27% used [0x000000077bd00000,0x000000077c508000,0x000000077da00000)
  to   space 29696K, 0% used [0x0000000784a80000,0x0000000784a80000,0x0000000786780000)
 ParOldGen       total 111616K, used 55211K [0x00000006c2a00000, 0x00000006c9700000, 0x000000076b900000)
  object space 111616K, 49% used [0x00000006c2a00000,0x00000006c5feadf0,0x00000006c9700000)
 Metaspace       used 30448K, capacity 31226K, committed 31616K, reserved 1077248K
  class space    used 3640K, capacity 3866K, committed 3968K, reserved 1048576K
Event: 20.071 GC heap after
Heap after GC invocations=15 (full 1):
 PSYoungGen      total 394752K, used 2016K [0x000000076b900000, 0x0000000786000000, 0x00000007c0000000)
  eden space 372736K, 0% used [0x000000076b900000,0x000000076b900000,0x0000000782500000)
  from space 22016K, 9% used [0x0000000784a80000,0x0000000784c78000,0x0000000786000000)
  to   space 30208K, 0% used [0x0000000782500000,0x0000000782500000,0x0000000784280000)
 ParOldGen       total 111616K, used 55699K [0x00000006c2a00000, 0x00000006c9700000, 0x000000076b900000)
  object space 111616K, 49% used [0x00000006c2a00000,0x00000006c6064df0,0x00000006c9700000)
 Metaspace       used 30448K, capacity 31226K, committed 31616K, reserved 1077248K
  class space    used 3640K, capacity 3866K, committed 3968K, reserved 1048576K
}
Event: 21.043 GC heap before
{Heap before GC invocations=16 (full 1):
 PSYoungGen      total 394752K, used 374752K [0x000000076b900000, 0x0000000786000000, 0x00000007c0000000)
  eden space 372736K, 100% used [0x000000076b900000,0x0000000782500000,0x0000000782500000)
  from space 22016K, 9% used [0x0000000784a80000,0x0000000784c78000,0x0000000786000000)
  to   space 30208K, 0% used [0x0000000782500000,0x0000000782500000,0x0000000784280000)
 ParOldGen       total 111616K, used 55699K [0x00000006c2a00000, 0x00000006c9700000, 0x000000076b900000)
  object space 111616K, 49% used [0x00000006c2a00000,0x00000006c6064df0,0x00000006c9700000)
 Metaspace       used 30514K, capacity 31296K, committed 31616K, reserved 1077248K
  class space    used 3641K, capacity 3867K, committed 3968K, reserved 1048576K
Event: 21.051 GC heap after
Heap after GC invocations=16 (full 1):
 PSYoungGen      total 402944K, used 6080K [0x000000076b900000, 0x000000078e880000, 0x00000007c0000000)
  eden space 372736K, 0% used [0x000000076b900000,0x000000076b900000,0x0000000782500000)
  from space 30208K, 20% used [0x0000000782500000,0x0000000782af0020,0x0000000784280000)
  to   space 29696K, 0% used [0x000000078cb80000,0x000000078cb80000,0x000000078e880000)
 ParOldGen       total 111616K, used 56475K [0x00000006c2a00000, 0x00000006c9700000, 0x000000076b900000)
  object space 111616K, 50% used [0x00000006c2a00000,0x00000006c6126df0,0x00000006c9700000)
 Metaspace       used 30514K, capacity 31296K, committed 31616K, reserved 1077248K
  class space    used 3641K, capacity 3867K, committed 3968K, reserved 1048576K
}
Event: 23.473 GC heap before
{Heap before GC invocations=17 (full 1):
 PSYoungGen      total 402944K, used 378816K [0x000000076b900000, 0x000000078e880000, 0x00000007c0000000)
  eden space 372736K, 100% used [0x000000076b900000,0x0000000782500000,0x0000000782500000)
  from space 30208K, 20% used [0x0000000782500000,0x0000000782af0020,0x0000000784280000)
  to   space 29696K, 0% used [0x000000078cb80000,0x000000078cb80000,0x000000078e880000)
 ParOldGen       total 111616K, used 56475K [0x00000006c2a00000, 0x00000006c9700000, 0x000000076b900000)
  object space 111616K, 50% used [0x00000006c2a00000,0x00000006c6126df0,0x00000006c9700000)
 Metaspace       used 30675K, capacity 31404K, committed 31616K, reserved 1077248K
  class space    used 3653K, capacity 3901K, committed 3968K, reserved 1048576K
Event: 23.479 GC heap after
Heap after GC invocations=17 (full 1):
 PSYoungGen      total 517632K, used 4576K [0x000000076b900000, 0x000000078db80000, 0x00000007c0000000)
  eden space 501248K, 0% used [0x000000076b900000,0x000000076b900000,0x000000078a280000)
  from space 16384K, 27% used [0x000000078cb80000,0x000000078cff8020,0x000000078db80000)
  to   space 29184K, 0% used [0x000000078a280000,0x000000078a280000,0x000000078bf00000)
 ParOldGen       total 111616K, used 57219K [0x00000006c2a00000, 0x00000006c9700000, 0x000000076b900000)
  object space 111616K, 51% used [0x00000006c2a00000,0x00000006c61e0df0,0x00000006c9700000)
 Metaspace       used 30675K, capacity 31404K, committed 31616K, reserved 1077248K
  class space    used 3653K, capacity 3901K, committed 3968K, reserved 1048576K
}
Event: 24.306 GC heap before
{Heap before GC invocations=18 (full 1):
 PSYoungGen      total 517632K, used 505824K [0x000000076b900000, 0x000000078db80000, 0x00000007c0000000)
  eden space 501248K, 100% used [0x000000076b900000,0x000000078a280000,0x000000078a280000)
  from space 16384K, 27% used [0x000000078cb80000,0x000000078cff8020,0x000000078db80000)
  to   space 29184K, 0% used [0x000000078a280000,0x000000078a280000,0x000000078bf00000)
 ParOldGen       total 111616K, used 57219K [0x00000006c2a00000, 0x00000006c9700000, 0x000000076b900000)
  object space 111616K, 51% used [0x00000006c2a00000,0x00000006c61e0df0,0x00000006c9700000)
 Metaspace       used 30680K, capacity 31404K, committed 31616K, reserved 1077248K
  class space    used 3653K, capacity 3901K, committed 3968K, reserved 1048576K
Event: 24.311 GC heap after
Heap after GC invocations=18 (full 1):
 PSYoungGen      total 530432K, used 5760K [0x000000076b900000, 0x0000000794400000, 0x00000007c0000000)
  eden space 501248K, 0% used [0x000000076b900000,0x000000076b900000,0x000000078a280000)
  from space 29184K, 19% used [0x000000078a280000,0x000000078a820000,0x000000078bf00000)
  to   space 28672K, 0% used [0x0000000792800000,0x0000000792800000,0x0000000794400000)
 ParOldGen       total 111616K, used 58155K [0x00000006c2a00000, 0x00000006c9700000, 0x000000076b900000)
  object space 111616K, 52% used [0x00000006c2a00000,0x00000006c62cae00,0x00000006c9700000)
 Metaspace       used 30680K, capacity 31404K, committed 31616K, reserved 1077248K
  class space    used 3653K, capacity 3901K, committed 3968K, reserved 1048576K
}

Deoptimization events (10 events):
Event: 17.825 Thread 0x0000000002d62800 Uncommon trap: reason=unstable_if action=reinterpret pc=0x0000000003718b9c method=java.util.Properties$LineReader.readLine()I @ 323
Event: 17.825 Thread 0x0000000002d62800 Uncommon trap: reason=unstable_if action=reinterpret pc=0x0000000003b4a798 method=java.util.Properties.load0(Ljava/util/Properties$LineReader;)V @ 115
Event: 17.839 Thread 0x0000000002d62800 Uncommon trap: reason=null_check action=make_not_entrant pc=0x0000000003fade08 method=org.apache.maven.model.building.DefaultModelBuilder.importDependencyManagement(Lorg/apache/maven/model/Model;Lorg/apache/maven/model/building/ModelBuildingRequest;Lorg/ap»þnË‘?2@
Event: 18.248 Thread 0x0000000002d62800 Uncommon trap: reason=null_check action=make_not_entrant pc=0x00000000040075f4 method=org.codehaus.plexus.util.xml.Xpp3Dom.mergeIntoXpp3Dom(Lorg/codehaus/plexus/util/xml/Xpp3Dom;Lorg/codehaus/plexus/util/xml/Xpp3Dom;Ljava/lang/Boolean;)V @ 19
Event: 18.643 Thread 0x0000000002d62800 Uncommon trap: reason=null_check action=make_not_entrant pc=0x000000000401385c method=org.codehaus.plexus.util.xml.Xpp3Dom.mergeIntoXpp3Dom(Lorg/codehaus/plexus/util/xml/Xpp3Dom;Lorg/codehaus/plexus/util/xml/Xpp3Dom;Ljava/lang/Boolean;)V @ 146
Event: 19.084 Thread 0x0000000002d62800 Uncommon trap: reason=predicate action=maybe_recompile pc=0x00000000038fcc6c method=java.util.AbstractCollection.toArray([Ljava/lang/Object;)[Ljava/lang/Object; @ 49
Event: 21.809 Thread 0x0000000002d62800 Uncommon trap: reason=array_check action=maybe_recompile pc=0x00000000041cb25c method=java.util.AbstractCollection.toArray([Ljava/lang/Object;)[Ljava/lang/Object; @ 119
Event: 21.810 Thread 0x0000000002d62800 Uncommon trap: reason=array_check action=maybe_recompile pc=0x00000000041cb25c method=java.util.AbstractCollection.toArray([Ljava/lang/Object;)[Ljava/lang/Object; @ 119
Event: 21.810 Thread 0x0000000002d62800 Uncommon trap: reason=array_check action=maybe_recompile pc=0x00000000041cb25c method=java.util.AbstractCollection.toArray([Ljava/lang/Object;)[Ljava/lang/Object; @ 119
Event: 21.844 Thread 0x0000000002d62800 Uncommon trap: reason=array_check action=maybe_recompile pc=0x00000000041cb25c method=java.util.AbstractCollection.toArray([Ljava/lang/Object;)[Ljava/lang/Object; @ 119

Internal exceptions (10 events):
Event: 22.135 Thread 0x0000000002d62800 Exception <a 'java/net/SocketTimeoutException': Read timed out> (0x000000076de68b28) thrown at [D:\re\workspace\8-2-build-windows-amd64-cygwin\jdk8u92\6642\hotspot\src\share\vm\prims\jni.cpp, line 735]
Event: 22.195 Thread 0x0000000002d62800 Exception <a 'java/net/SocketTimeoutException': Read timed out> (0x000000076de6bf78) thrown at [D:\re\workspace\8-2-build-windows-amd64-cygwin\jdk8u92\6642\hotspot\src\share\vm\prims\jni.cpp, line 735]
Event: 22.271 Thread 0x0000000002d62800 Exception <a 'java/net/SocketTimeoutException': Read timed out> (0x000000076dec0840) thrown at [D:\re\workspace\8-2-build-windows-amd64-cygwin\jdk8u92\6642\hotspot\src\share\vm\prims\jni.cpp, line 735]
Event: 22.316 Thread 0x0000000002d62800 Exception <a 'java/net/SocketTimeoutException': Read timed out> (0x000000076dec3b58) thrown at [D:\re\workspace\8-2-build-windows-amd64-cygwin\jdk8u92\6642\hotspot\src\share\vm\prims\jni.cpp, line 735]
Event: 22.420 Thread 0x0000000002d62800 Exception <a 'java/net/SocketTimeoutException': Read timed out> (0x000000076e08fa88) thrown at [D:\re\workspace\8-2-build-windows-amd64-cygwin\jdk8u92\6642\hotspot\src\share\vm\prims\jni.cpp, line 735]
Event: 22.481 Thread 0x0000000002d62800 Exception <a 'java/net/SocketTimeoutException': Read timed out> (0x000000076e092cc8) thrown at [D:\re\workspace\8-2-build-windows-amd64-cygwin\jdk8u92\6642\hotspot\src\share\vm\prims\jni.cpp, line 735]
Event: 22.572 Thread 0x0000000002d62800 Exception <a 'java/net/SocketTimeoutException': Read timed out> (0x000000076e19f608) thrown at [D:\re\workspace\8-2-build-windows-amd64-cygwin\jdk8u92\6642\hotspot\src\share\vm\prims\jni.cpp, line 735]
Event: 22.632 Thread 0x0000000002d62800 Exception <a 'java/net/SocketTimeoutException': Read timed out> (0x000000076e1a2968) thrown at [D:\re\workspace\8-2-build-windows-amd64-cygwin\jdk8u92\6642\hotspot\src\share\vm\prims\jni.cpp, line 735]
Event: 22.722 Thread 0x0000000002d62800 Exception <a 'java/net/SocketTimeoutException': Read timed out> (0x000000076e1f2fd0) thrown at [D:\re\workspace\8-2-build-windows-amd64-cygwin\jdk8u92\6642\hotspot\src\share\vm\prims\jni.cpp, line 735]
Event: 22.767 Thread 0x0000000002d62800 Exception <a 'java/net/SocketTimeoutException': Read timed out> (0x000000076e1f6470) thrown at [D:\re\workspace\8-2-build-windows-amd64-cygwin\jdk8u92\6642\hotspot\src\share\vm\prims\jni.cpp, line 735]

Events (10 events):
Event: 23.669 Thread 0x000000001e0b2800 flushing nmethod 0x0000000003c3bfd0
Event: 23.669 Thread 0x000000001e0b2800 flushing nmethod 0x0000000003c46310
Event: 23.669 Thread 0x000000001e0b2800 flushing nmethod 0x0000000003c47790
Event: 23.669 Thread 0x000000001e0b2800 flushing nmethod 0x0000000003ca4310
Event: 23.669 Thread 0x000000001e0b2800 flushing nmethod 0x0000000003cc2b10
Event: 23.701 Thread 0x000000001e0ba800 flushing nmethod 0x0000000003d7e050
Event: 23.701 Thread 0x000000001e0ba800 flushing nmethod 0x0000000003d9b990
Event: 23.701 Thread 0x000000001e0ba800 flushing nmethod 0x0000000003dec3d0
Event: 24.306 Executing VM operation: ParallelGCFailedAllocation
Event: 24.311 Executing VM operation: ParallelGCFailedAllocation done


Dynamic libraries:
0x00007ff69aad0000 - 0x00007ff69ab07000 	D:\Develope Tools\java\jdk1.8.0_92\bin\java.exe
0x00007ffcf8a90000 - 0x00007ffcf8c88000 	C:\WINDOWS\SYSTEM32\ntdll.dll
0x00007ffcf7f90000 - 0x00007ffcf804d000 	C:\WINDOWS\System32\KERNEL32.DLL
0x00007ffcf6650000 - 0x00007ffcf691e000 	C:\WINDOWS\System32\KERNELBASE.dll
0x00007ffcf7d70000 - 0x00007ffcf7e1e000 	C:\WINDOWS\System32\ADVAPI32.dll
0x00007ffcf8320000 - 0x00007ffcf83be000 	C:\WINDOWS\System32\msvcrt.dll
0x00007ffcf83c0000 - 0x00007ffcf845c000 	C:\WINDOWS\System32\sechost.dll
0x00007ffcf7e50000 - 0x00007ffcf7f75000 	C:\WINDOWS\System32\RPCRT4.dll
0x00007ffcf8460000 - 0x00007ffcf8600000 	C:\WINDOWS\System32\USER32.dll
0x00007ffcf6370000 - 0x00007ffcf6392000 	C:\WINDOWS\System32\win32u.dll
0x00007ffcf7e20000 - 0x00007ffcf7e4a000 	C:\WINDOWS\System32\GDI32.dll
0x00007ffcf6260000 - 0x00007ffcf636b000 	C:\WINDOWS\System32\gdi32full.dll
0x00007ffcf6920000 - 0x00007ffcf69bd000 	C:\WINDOWS\System32\msvcp_win.dll
0x00007ffcf63f0000 - 0x00007ffcf64f0000 	C:\WINDOWS\System32\ucrtbase.dll
0x00007ffce3880000 - 0x00007ffce3b1a000 	C:\WINDOWS\WinSxS\amd64_microsoft.windows.common-controls_6595b64144ccf1df_6.0.19041.1110_none_60b5254171f9507e\COMCTL32.dll
0x00007ffcf8a20000 - 0x00007ffcf8a50000 	C:\WINDOWS\System32\IMM32.DLL
0x00000000644f0000 - 0x00000000645c2000 	D:\Develope Tools\java\jdk1.8.0_92\jre\bin\msvcr100.dll
0x0000000063c50000 - 0x00000000644e6000 	D:\Develope Tools\java\jdk1.8.0_92\jre\bin\server\jvm.dll
0x00007ffcf6af0000 - 0x00007ffcf6af8000 	C:\WINDOWS\System32\PSAPI.DLL
0x00007ffcf0c10000 - 0x00007ffcf0c1a000 	C:\WINDOWS\SYSTEM32\VERSION.dll
0x00007ffced6f0000 - 0x00007ffced717000 	C:\WINDOWS\SYSTEM32\WINMM.dll
0x00007ffce54c0000 - 0x00007ffce54c9000 	C:\WINDOWS\SYSTEM32\WSOCK32.dll
0x00007ffcf89b0000 - 0x00007ffcf8a1b000 	C:\WINDOWS\System32\WS2_32.dll
0x0000000063c40000 - 0x0000000063c4f000 	D:\Develope Tools\java\jdk1.8.0_92\jre\bin\verify.dll
0x0000000063c10000 - 0x0000000063c39000 	D:\Develope Tools\java\jdk1.8.0_92\jre\bin\java.dll
0x0000000063a00000 - 0x0000000063a23000 	D:\Develope Tools\java\jdk1.8.0_92\jre\bin\instrument.dll
0x0000000063bf0000 - 0x0000000063c06000 	D:\Develope Tools\java\jdk1.8.0_92\jre\bin\zip.dll
0x00007ffcf6ec0000 - 0x00007ffcf7604000 	C:\WINDOWS\System32\SHELL32.dll
0x00007ffcf42d0000 - 0x00007ffcf4a64000 	C:\WINDOWS\SYSTEM32\windows.storage.dll
0x00007ffcf6b00000 - 0x00007ffcf6e54000 	C:\WINDOWS\System32\combase.dll
0x00007ffcf5b40000 - 0x00007ffcf5b70000 	C:\WINDOWS\SYSTEM32\Wldp.dll
0x00007ffcf8900000 - 0x00007ffcf89ad000 	C:\WINDOWS\System32\SHCORE.dll
0x00007ffcf82c0000 - 0x00007ffcf8315000 	C:\WINDOWS\System32\shlwapi.dll
0x00007ffcf60f0000 - 0x00007ffcf610f000 	C:\WINDOWS\SYSTEM32\profapi.dll
0x00007ffcdbdf0000 - 0x00007ffcdbe0a000 	D:\Develope Tools\IntelliJIDEA_2017.2.5\bin\breakgen64.dll
0x0000000063bd0000 - 0x0000000063bea000 	D:\Develope Tools\java\jdk1.8.0_92\jre\bin\net.dll
0x00007ffcf58a0000 - 0x00007ffcf590a000 	C:\WINDOWS\system32\mswsock.dll
0x0000000063bb0000 - 0x0000000063bc1000 	D:\Develope Tools\java\jdk1.8.0_92\jre\bin\nio.dll
0x00000000639d0000 - 0x00000000639f4000 	D:\Develope Tools\java\jdk1.8.0_92\jre\bin\sunec.dll
0x00007ffcf5a90000 - 0x00007ffcf5aa8000 	C:\WINDOWS\SYSTEM32\CRYPTSP.dll
0x00007ffcf5220000 - 0x00007ffcf5254000 	C:\WINDOWS\system32\rsaenh.dll
0x00007ffcf6a50000 - 0x00007ffcf6a77000 	C:\WINDOWS\System32\bcrypt.dll
0x00007ffcf60b0000 - 0x00007ffcf60de000 	C:\WINDOWS\SYSTEM32\USERENV.dll
0x00007ffcf69c0000 - 0x00007ffcf6a42000 	C:\WINDOWS\System32\bcryptprimitives.dll
0x00007ffcf5ab0000 - 0x00007ffcf5abc000 	C:\WINDOWS\SYSTEM32\CRYPTBASE.dll
0x00007ffcf5590000 - 0x00007ffcf55cb000 	C:\WINDOWS\SYSTEM32\IPHLPAPI.DLL
0x00007ffcf7f80000 - 0x00007ffcf7f88000 	C:\WINDOWS\System32\NSI.dll
0x00007ffcef550000 - 0x00007ffcef567000 	C:\WINDOWS\SYSTEM32\dhcpcsvc6.DLL
0x00007ffcef760000 - 0x00007ffcef77d000 	C:\WINDOWS\SYSTEM32\dhcpcsvc.DLL
0x00007ffcf55d0000 - 0x00007ffcf569b000 	C:\WINDOWS\SYSTEM32\DNSAPI.dll
0x00007ffce7190000 - 0x00007ffce719a000 	C:\Windows\System32\rasadhlp.dll
0x00007ffce7210000 - 0x00007ffce7290000 	C:\WINDOWS\System32\fwpuclnt.dll
0x0000000063a80000 - 0x0000000063a8b000 	D:\Develope Tools\java\jdk1.8.0_92\jre\bin\sunmscapi.dll
0x00007ffcf64f0000 - 0x00007ffcf6646000 	C:\WINDOWS\System32\CRYPT32.dll
0x00007ffcde0d0000 - 0x00007ffcde0e7000 	C:\WINDOWS\system32\napinsp.dll
0x00007ffcddff0000 - 0x00007ffcde00b000 	C:\WINDOWS\system32\pnrpnsp.dll
0x00007ffcf0e70000 - 0x00007ffcf0e85000 	C:\WINDOWS\system32\wshbth.dll
0x00007ffcf1c10000 - 0x00007ffcf1c2d000 	C:\WINDOWS\system32\NLAapi.dll
0x00007ffcddfd0000 - 0x00007ffcddfe2000 	C:\WINDOWS\System32\winrnr.dll

VM Arguments:
jvm_args: -Dmaven.multiModuleProjectDirectory=F:\workspace\Hello\SpringCloudEurekaVersion\springcloud-eureka-server-8300 -Dmaven.home=D:\Develope Tools\maven\apache-maven-3.3.9 -Dclassworlds.conf=D:\Develope Tools\maven\apache-maven-3.3.9\bin\m2.conf -javaagent:D:\Develope Tools\IntelliJIDEA_2017.2.5\lib\idea_rt.jar=61203:D:\Develope Tools\IntelliJIDEA_2017.2.5\bin -Dfile.encoding=UTF-8 
java_command: org.codehaus.classworlds.Launcher -Didea.version=2017.2.5 -s D:\Develope Tools\maven\apache-maven-3.3.9\conf\settings.xml -Dmaven.repo.local=D:\Develope Tools\maven\repository org.apache.maven.plugins:maven-assembly-plugin:2.2-beta-5:assembly
java_class_path (initial): D:\Develope Tools\maven\apache-maven-3.3.9\boot\plexus-classworlds-2.5.2.jar;D:\Develope Tools\IntelliJIDEA_2017.2.5\lib\idea_rt.jar
Launcher Type: SUN_STANDARD

Environment Variables:
JAVA_HOME=D:\Develope Tools\java\jdk1.8.0_92
CLASSPATH=.;D:\Develope Tools\java\jdk1.8.0_92\lib\tools.jar;D:\Develope Tools\java\jdk1.8.0_92\lib\dt.jar;
PATH=D:\Develope Tools\VMware Workstation\bin\;C:\Python39\Scripts\;C:\Python39\;C:\Program Files (x86)\Common Files\Oracle\Java\javapath;C:\Program Files (x86)\Intel\Intel(R) Management Engine Components\iCLS\;C:\Program Files\Intel\Intel(R) Management Engine Components\iCLS\;C:\Windows\system32;C:\Windows;C:\Windows\System32\Wbem;C:\Windows\System32\WindowsPowerShell\v1.0\;C:\Program Files (x86)\Intel\Intel(R) Management Engine Components\DAL;C:\Program Files\Intel\Intel(R) Management Engine Components\DAL;C:\Program Files (x86)\Intel\Intel(R) Management Engine Components\IPT;C:\Program Files\Intel\Intel(R) Management Engine Components\IPT;C:\Program Files (x86)\NVIDIA Corporation\PhysX\Common;D:\Develope Tools\java\jdk1.8.0_92\bin;D:\Develope Tools\java\jdk1.8.0_92\jre\bin;D:\Develope Tools\Subversion\bin;C:\WINDOWS\system32;C:\WINDOWS;C:\WINDOWS\System32\Wbem;C:\WINDOWS\System32\WindowsPowerShell\v1.0\;C:\WINDOWS\System32\OpenSSH\;D:\Develope Tools\TortoiseSVN\bin;D:\Develope Tools\go\go1.12.17\bin;D:\Develope Tools\go\go\bin;D:\Develope Tools\maven\apache-maven-3.3.9\bin;D:\Develope Tools\ffmpeg-4.3.1-win64-shared\bin;D:\Develope Tools\VSCode\bin;D:\Develope Tools\Git\bin;D:\Develope Tools\Git\mingw64\bin;D:\Develope Tools\Git\mingw64\libexec\git-core;D:\DevelopeTools\gradle\gradle-6.5\bin;C:\ProgramData\chocolatey\bin;D:\DevelopeTools\nvm;D:\DevelopeTools\nodejs;C:\Users\dell\AppData\Local\Microsoft\WindowsApps;C:\Users\dell\go\bin;D:\DevelopeTools\nvm;D:\DevelopeTools\nodejs;D:\DevelopeTools\nodejs\node_global;
USERNAME=dell
OS=Windows_NT
PROCESSOR_IDENTIFIER=Intel64 Family 6 Model 158 Stepping 10, GenuineIntel



---------------  S Y S T E M  ---------------

OS: Windows 10.0 , 64 bit Build 19041 (10.0.19041.1806)

CPU:total 6 (6 cores per cpu, 1 threads per core) family 6 model 158 stepping 10, cmov, cx8, fxsr, mmx, sse, sse2, sse3, ssse3, sse4.1, sse4.2, popcnt, avx, avx2, aes, clmul, erms, 3dnowpref, lzcnt, tsc, tscinvbit, bmi1, bmi2, adx

Memory: 4k page, physical 16600900k(2207880k free), swap 66932548k(6120k free)

vm_info: Java HotSpot(TM) 64-Bit Server VM (25.92-b14) for windows-amd64 JRE (1.8.0_92-b14), built on Mar 31 2016 21:03:04 by "java_re" with MS VC++ 10.0 (VS2010)

time: Wed Aug 17 13:58:54 2022
elapsed time: 24 seconds (0d 0h 0m 24s)

